%!Adobe-FontList 1.13
%Locale:0x412

%BeginFont
Handler:DirectoryHandler
FontType:Invalid
OutlineFileName:C:\Users\Administrator\Desktop\131111_최선어on_stp\html\Font\font.zip
FileModTime:1351664509
%EndFont

%BeginFont
Handler:DirectoryHandler
FontType:Invalid
OutlineFileName:C:\Users\Administrator\Desktop\131111_최선어on_stp\html\Font\NanumGothic.eot
FileModTime:1346131250
%EndFont

%BeginFont
Handler:DirectoryHandler
FontType:TrueType
FontName:NanumGothic
FamilyName:NanumGothic
StyleName:Regular
FullName:NanumGothic
MenuName:나눔고딕
StyleBits:0
FamilyNameNative:나눔고딕
StyleNameNative:Regular
FullNameNative:나눔고딕
WritingScript:Korean
OutlineFileName:C:\Users\Administrator\Desktop\131111_최선어on_stp\html\Font\NanumGothic.ttf
DataFormat:sfntData
FileLength:2348312
FileModTime:1346131250
WeightClass:400
WidthClass:5
AngleClass:0
%EndFont

%BeginFont
Handler:DirectoryHandler
FontType:Invalid
OutlineFileName:C:\Users\Administrator\Desktop\131111_최선어on_stp\html\Font\NanumGothic.woff
FileModTime:1346131248
%EndFont

%BeginFont
Handler:DirectoryHandler
FontType:Invalid
OutlineFileName:C:\Users\Administrator\Desktop\131111_최선어on_stp\html\Font\NanumGothicBold.eot
FileModTime:1346131248
%EndFont

%BeginFont
Handler:DirectoryHandler
FontType:TrueType
FontName:NanumGothicBold
FamilyName:NanumGothic
StyleName:Regular
FullName:NanumGothicBold
MenuName:나눔고딕
StyleBits:2
FamilyNameNative:나눔고딕
StyleNameNative:Regular
FullNameNative:나눔고딕 Bold
WritingScript:Korean
OutlineFileName:C:\Users\Administrator\Desktop\131111_최선어on_stp\html\Font\NanumGothicBold.ttf
DataFormat:sfntData
FileLength:2278688
FileModTime:1346131248
WeightClass:600
WidthClass:5
AngleClass:0
%EndFont

%BeginFont
Handler:DirectoryHandler
FontType:Invalid
OutlineFileName:C:\Users\Administrator\Desktop\131111_최선어on_stp\html\Font\NanumGothicBold.woff
FileModTime:1346131248
%EndFont

%BeginFont
Handler:DirectoryHandler
FontType:Invalid
OutlineFileName:C:\Users\Administrator\Desktop\131111_최선어on_stp\html\Font\NanumGothicExtraBold.eot
FileModTime:1346131248
%EndFont

%BeginFont
Handler:DirectoryHandler
FontType:TrueType
FontName:NanumGothicExtraBold
FamilyName:NanumGothic
StyleName:ExtraBold
FullName:NanumGothicExtraBold
MenuName:나눔고딕 ExtraBold
StyleBits:0
FamilyNameNative:나눔고딕
StyleNameNative:ExtraBold
FullNameNative:나눔고딕 ExtraBold
WritingScript:Korean
OutlineFileName:C:\Users\Administrator\Desktop\131111_최선어on_stp\html\Font\NanumGothicExtraBold.ttf
DataFormat:sfntData
FileLength:2351012
FileModTime:1346131248
WeightClass:700
WidthClass:5
AngleClass:0
%EndFont

%BeginFont
Handler:DirectoryHandler
FontType:Invalid
OutlineFileName:C:\Users\Administrator\Desktop\131111_최선어on_stp\html\Font\NanumGothicExtraBold.woff
FileModTime:1346131248
%EndFont

